CRITICAL - 2023-12-22 07:37:33 --> Invalid file: "default.php"
in SYSTEMPATH\Exceptions\FrameworkException.php on line 39.
 1 SYSTEMPATH\View\View.php(216): CodeIgniter\Exceptions\FrameworkException::forInvalidFile('default.php')
 2 SYSTEMPATH\View\View.php(244): CodeIgniter\View\View->render('default', [], true)
 3 SYSTEMPATH\Common.php(1190): CodeIgniter\View\View->render('spicweb/index', [], true)
 4 APPPATH\Controllers\Pages.php(9): view('spicweb/index')
 5 SYSTEMPATH\CodeIgniter.php(942): App\Controllers\Pages->index()
 6 SYSTEMPATH\CodeIgniter.php(502): CodeIgniter\CodeIgniter->runController(Object(App\Controllers\Pages))
 7 SYSTEMPATH\CodeIgniter.php(361): CodeIgniter\CodeIgniter->handleRequest(null, Object(Config\Cache), false)
 8 FCPATH\index.php(79): CodeIgniter\CodeIgniter->run()
CRITICAL - 2023-12-22 07:43:13 --> Call to undefined method CodeIgniter\View\View::extends()
in APPPATH\Views\spicweb\index.php on line 100.
 1 SYSTEMPATH\View\View.php(228): include()
 2 SYSTEMPATH\View\View.php(231): CodeIgniter\View\View->CodeIgniter\View\{closure}()
 3 SYSTEMPATH\Common.php(1190): CodeIgniter\View\View->render('spicweb/index', [], true)
 4 APPPATH\Controllers\Pages.php(9): view('spicweb/index')
 5 SYSTEMPATH\CodeIgniter.php(942): App\Controllers\Pages->index()
 6 SYSTEMPATH\CodeIgniter.php(502): CodeIgniter\CodeIgniter->runController(Object(App\Controllers\Pages))
 7 SYSTEMPATH\CodeIgniter.php(361): CodeIgniter\CodeIgniter->handleRequest(null, Object(Config\Cache), false)
 8 FCPATH\index.php(79): CodeIgniter\CodeIgniter->run()
CRITICAL - 2023-12-22 07:43:34 --> Call to undefined method CodeIgniter\View\View::extends()
in APPPATH\Views\spicweb\index.php on line 100.
 1 SYSTEMPATH\View\View.php(228): include()
 2 SYSTEMPATH\View\View.php(231): CodeIgniter\View\View->CodeIgniter\View\{closure}()
 3 SYSTEMPATH\Common.php(1190): CodeIgniter\View\View->render('spicweb/index', [], true)
 4 APPPATH\Controllers\Pages.php(9): view('spicweb/index')
 5 SYSTEMPATH\CodeIgniter.php(942): App\Controllers\Pages->index()
 6 SYSTEMPATH\CodeIgniter.php(502): CodeIgniter\CodeIgniter->runController(Object(App\Controllers\Pages))
 7 SYSTEMPATH\CodeIgniter.php(361): CodeIgniter\CodeIgniter->handleRequest(null, Object(Config\Cache), false)
 8 FCPATH\index.php(79): CodeIgniter\CodeIgniter->run()
CRITICAL - 2023-12-22 07:43:35 --> Call to undefined method CodeIgniter\View\View::extends()
in APPPATH\Views\spicweb\index.php on line 100.
 1 SYSTEMPATH\View\View.php(228): include()
 2 SYSTEMPATH\View\View.php(231): CodeIgniter\View\View->CodeIgniter\View\{closure}()
 3 SYSTEMPATH\Common.php(1190): CodeIgniter\View\View->render('spicweb/index', [], true)
 4 APPPATH\Controllers\Pages.php(9): view('spicweb/index')
 5 SYSTEMPATH\CodeIgniter.php(942): App\Controllers\Pages->index()
 6 SYSTEMPATH\CodeIgniter.php(502): CodeIgniter\CodeIgniter->runController(Object(App\Controllers\Pages))
 7 SYSTEMPATH\CodeIgniter.php(361): CodeIgniter\CodeIgniter->handleRequest(null, Object(Config\Cache), false)
 8 FCPATH\index.php(79): CodeIgniter\CodeIgniter->run()
CRITICAL - 2023-12-22 07:43:35 --> Call to undefined method CodeIgniter\View\View::extends()
in APPPATH\Views\spicweb\index.php on line 100.
 1 SYSTEMPATH\View\View.php(228): include()
 2 SYSTEMPATH\View\View.php(231): CodeIgniter\View\View->CodeIgniter\View\{closure}()
 3 SYSTEMPATH\Common.php(1190): CodeIgniter\View\View->render('spicweb/index', [], true)
 4 APPPATH\Controllers\Pages.php(9): view('spicweb/index')
 5 SYSTEMPATH\CodeIgniter.php(942): App\Controllers\Pages->index()
 6 SYSTEMPATH\CodeIgniter.php(502): CodeIgniter\CodeIgniter->runController(Object(App\Controllers\Pages))
 7 SYSTEMPATH\CodeIgniter.php(361): CodeIgniter\CodeIgniter->handleRequest(null, Object(Config\Cache), false)
 8 FCPATH\index.php(79): CodeIgniter\CodeIgniter->run()
CRITICAL - 2023-12-22 07:43:36 --> Call to undefined method CodeIgniter\View\View::extends()
in APPPATH\Views\spicweb\index.php on line 100.
 1 SYSTEMPATH\View\View.php(228): include()
 2 SYSTEMPATH\View\View.php(231): CodeIgniter\View\View->CodeIgniter\View\{closure}()
 3 SYSTEMPATH\Common.php(1190): CodeIgniter\View\View->render('spicweb/index', [], true)
 4 APPPATH\Controllers\Pages.php(9): view('spicweb/index')
 5 SYSTEMPATH\CodeIgniter.php(942): App\Controllers\Pages->index()
 6 SYSTEMPATH\CodeIgniter.php(502): CodeIgniter\CodeIgniter->runController(Object(App\Controllers\Pages))
 7 SYSTEMPATH\CodeIgniter.php(361): CodeIgniter\CodeIgniter->handleRequest(null, Object(Config\Cache), false)
 8 FCPATH\index.php(79): CodeIgniter\CodeIgniter->run()
CRITICAL - 2023-12-22 07:43:36 --> Call to undefined method CodeIgniter\View\View::extends()
in APPPATH\Views\spicweb\index.php on line 100.
 1 SYSTEMPATH\View\View.php(228): include()
 2 SYSTEMPATH\View\View.php(231): CodeIgniter\View\View->CodeIgniter\View\{closure}()
 3 SYSTEMPATH\Common.php(1190): CodeIgniter\View\View->render('spicweb/index', [], true)
 4 APPPATH\Controllers\Pages.php(9): view('spicweb/index')
 5 SYSTEMPATH\CodeIgniter.php(942): App\Controllers\Pages->index()
 6 SYSTEMPATH\CodeIgniter.php(502): CodeIgniter\CodeIgniter->runController(Object(App\Controllers\Pages))
 7 SYSTEMPATH\CodeIgniter.php(361): CodeIgniter\CodeIgniter->handleRequest(null, Object(Config\Cache), false)
 8 FCPATH\index.php(79): CodeIgniter\CodeIgniter->run()
CRITICAL - 2023-12-22 07:47:49 --> Call to undefined method CodeIgniter\View\View::extends()
in APPPATH\Views\spicweb\index.php on line 100.
 1 SYSTEMPATH\View\View.php(228): include()
 2 SYSTEMPATH\View\View.php(231): CodeIgniter\View\View->CodeIgniter\View\{closure}()
 3 SYSTEMPATH\Common.php(1190): CodeIgniter\View\View->render('spicweb/index', [], true)
 4 APPPATH\Controllers\Pages.php(9): view('spicweb/index')
 5 SYSTEMPATH\CodeIgniter.php(942): App\Controllers\Pages->index()
 6 SYSTEMPATH\CodeIgniter.php(502): CodeIgniter\CodeIgniter->runController(Object(App\Controllers\Pages))
 7 SYSTEMPATH\CodeIgniter.php(361): CodeIgniter\CodeIgniter->handleRequest(null, Object(Config\Cache), false)
 8 FCPATH\index.php(79): CodeIgniter\CodeIgniter->run()
CRITICAL - 2023-12-22 07:47:50 --> Call to undefined method CodeIgniter\View\View::extends()
in APPPATH\Views\spicweb\index.php on line 100.
 1 SYSTEMPATH\View\View.php(228): include()
 2 SYSTEMPATH\View\View.php(231): CodeIgniter\View\View->CodeIgniter\View\{closure}()
 3 SYSTEMPATH\Common.php(1190): CodeIgniter\View\View->render('spicweb/index', [], true)
 4 APPPATH\Controllers\Pages.php(9): view('spicweb/index')
 5 SYSTEMPATH\CodeIgniter.php(942): App\Controllers\Pages->index()
 6 SYSTEMPATH\CodeIgniter.php(502): CodeIgniter\CodeIgniter->runController(Object(App\Controllers\Pages))
 7 SYSTEMPATH\CodeIgniter.php(361): CodeIgniter\CodeIgniter->handleRequest(null, Object(Config\Cache), false)
 8 FCPATH\index.php(79): CodeIgniter\CodeIgniter->run()
CRITICAL - 2023-12-22 07:47:50 --> Call to undefined method CodeIgniter\View\View::extends()
in APPPATH\Views\spicweb\index.php on line 100.
 1 SYSTEMPATH\View\View.php(228): include()
 2 SYSTEMPATH\View\View.php(231): CodeIgniter\View\View->CodeIgniter\View\{closure}()
 3 SYSTEMPATH\Common.php(1190): CodeIgniter\View\View->render('spicweb/index', [], true)
 4 APPPATH\Controllers\Pages.php(9): view('spicweb/index')
 5 SYSTEMPATH\CodeIgniter.php(942): App\Controllers\Pages->index()
 6 SYSTEMPATH\CodeIgniter.php(502): CodeIgniter\CodeIgniter->runController(Object(App\Controllers\Pages))
 7 SYSTEMPATH\CodeIgniter.php(361): CodeIgniter\CodeIgniter->handleRequest(null, Object(Config\Cache), false)
 8 FCPATH\index.php(79): CodeIgniter\CodeIgniter->run()
CRITICAL - 2023-12-22 07:47:51 --> Call to undefined method CodeIgniter\View\View::extends()
in APPPATH\Views\spicweb\index.php on line 100.
 1 SYSTEMPATH\View\View.php(228): include()
 2 SYSTEMPATH\View\View.php(231): CodeIgniter\View\View->CodeIgniter\View\{closure}()
 3 SYSTEMPATH\Common.php(1190): CodeIgniter\View\View->render('spicweb/index', [], true)
 4 APPPATH\Controllers\Pages.php(9): view('spicweb/index')
 5 SYSTEMPATH\CodeIgniter.php(942): App\Controllers\Pages->index()
 6 SYSTEMPATH\CodeIgniter.php(502): CodeIgniter\CodeIgniter->runController(Object(App\Controllers\Pages))
 7 SYSTEMPATH\CodeIgniter.php(361): CodeIgniter\CodeIgniter->handleRequest(null, Object(Config\Cache), false)
 8 FCPATH\index.php(79): CodeIgniter\CodeIgniter->run()
